<?xml version="1.0" encoding="UTF-8"?>
<!-- Generated by org.testng.reporters.JUnitReportReporter -->
<testsuite hostname="LAPTOP-PBBKU92M" name="testcase.SeleniumTest" tests="1" failures="0" timestamp="12 Nov 2019 16:26:02 GMT" time="3.890" errors="0">
  <testcase name="firstTest" time="3.890" classname="testcase.SeleniumTest"/>
</testsuite> <!-- testcase.SeleniumTest -->
